<?xml version="1.0" encoding="UTF-8"?>
<!-- Generated by org.testng.reporters.JUnitXMLReporter -->
<testsuite hostname="DESKTOP-ATUIG88" ignored="0" name="Test" tests="10" failures="0" timestamp="20 Nov 2021 07:20:38 GMT" time="285.041" errors="0">
  <testcase name="coffee" time="50.673" classname="testCases.TC2_coffeeMug"/>
  <testcase name="coffee" time="22.416" classname="testCases.TC3_Gifts"/>
  <testcase name="GiftNote" time="31.91" classname="testCases.TC4_GiftNote"/>
  <testcase name="ChristmasGift" time="22.16" classname="testCases.TC5_pincode"/>
  <testcase name="coffee" time="15.71" classname="testCases.TC6_18BdayGift"/>
  <testcase name="ChristmasGift" time="17.516" classname="testCases.TC7_Quantity"/>
  <testcase name="AddGiftCard" time="14.709" classname="testCases.TC8_AddGiftCard"/>
  <testcase name="TC9_wishList" time="31.199" classname="testCases.TC9_wishList"/>
  <testcase name="coffee" time="23.107" classname="testCases.TC10_shippingPolicy"/>
  <testcase name="corGifts" time="17.985" classname="testCases.TC11_corporateGifts"/>
</testsuite> <!-- Test -->
