<?xml version="1.0" encoding="UTF-8"?>
<testsuite xmlns:xsi="http://www.w3.org/2001/XMLSchema-instance" xsi:noNamespaceSchemaLocation="https://maven.apache.org/surefire/maven-surefire-plugin/xsd/surefire-test-report-3.0.xsd" version="3.0" name="TestSuite" time="288.494" tests="10" errors="0" skipped="0" failures="0">
  <properties>
[...]
</properties>
  <testcase name="coffee" classname="testCases.TC2_coffeeMug" time="50.692">
    <system-out><![CDATA[[TestNGContentHandler] [WARN] It is strongly recommended to add "<!DOCTYPE suite SYSTEM "http://testng.org/testng-1.0.dtd" >" at the top of your file, otherwise TestNG may fail or not work as expected.
2021.11.20.12.45.53-----------
Test-Report2021.11.20.12.45.53.html
2021-11-20 12:46:17,583 INFO TestCase 2 
2021-11-20 12:46:18,130 INFO Browser has been invoked 
2021-11-20 12:46:28,937 INFO Landed on Website home page 
2021-11-20 12:46:30,782 INFO Entered coffee mugs iin search bar 
2021-11-20 12:46:36,499 INFO clicked on enter 
2021-11-20 12:46:43,577 INFO Clicked on the coffee mug item 
2021-11-20 12:46:43,796 INFO Added Coffee mug to the cart 
]]></system-out>
    <system-err><![CDATA[log4j:WARN No such property [maxBackUpIndex] in utilities.log.
log4j:WARN No such property [maxFileSize] in utilities.log.
Starting ChromeDriver 96.0.4664.45 (76e4c1bb2ab4671b8beba3444e61c0f17584b2fc-refs/branch-heads/4664@{#947}) on port 5459
Only local connections are allowed.
Please see https://chromedriver.chromium.org/security-considerations for suggestions on keeping ChromeDriver safe.
ChromeDriver was started successfully.
Nov 20, 2021 12:46:17 PM org.openqa.selenium.remote.ProtocolHandshake createSession
INFO: Detected dialect: W3C
]]></system-err>
  </testcase>
  <testcase name="coffee" classname="testCases.TC3_Gifts" time="22.424">
    <system-out><![CDATA[2021.11.20.12.46.44-----------
Test-Report2021.11.20.12.46.44.html
2021-11-20 12:46:49,317 INFO TestCase 3 
2021-11-20 12:46:49,317 INFO Browser has been invoked 
2021-11-20 12:47:03,556 INFO landed on HomePage 
2021-11-20 12:47:03,558 INFO howered on gifts and clicked on Birthday Gifts 
]]></system-out>
    <system-err><![CDATA[TEST SUCCESS
Starting ChromeDriver 96.0.4664.45 (76e4c1bb2ab4671b8beba3444e61c0f17584b2fc-refs/branch-heads/4664@{#947}) on port 39615
Only local connections are allowed.
Please see https://chromedriver.chromium.org/security-considerations for suggestions on keeping ChromeDriver safe.
ChromeDriver was started successfully.
Nov 20, 2021 12:46:49 PM org.openqa.selenium.remote.ProtocolHandshake createSession
INFO: Detected dialect: W3C
]]></system-err>
  </testcase>
  <testcase name="GiftNote" classname="testCases.TC4_GiftNote" time="31.917">
    <system-out><![CDATA[2021.11.20.12.47.09-----------
Test-Report2021.11.20.12.47.09.html
2021-11-20 12:47:21,244 INFO TestCase 4 
2021-11-20 12:47:21,244 INFO browser has been invoked 
2021-11-20 12:47:28,454 INFO Landed on Webstie Homepage 
2021-11-20 12:47:31,876 INFO clicked on Christmas gifts 
2021-11-20 12:47:35,801 INFO Selected the required item 
2021-11-20 12:47:36,038 INFO Added the Item to the cart 
2021-11-20 12:47:41,146 INFO Added a gift note to it 
]]></system-out>
    <system-err><![CDATA[TEST SUCCESS
Starting ChromeDriver 96.0.4664.45 (76e4c1bb2ab4671b8beba3444e61c0f17584b2fc-refs/branch-heads/4664@{#947}) on port 3768
Only local connections are allowed.
Please see https://chromedriver.chromium.org/security-considerations for suggestions on keeping ChromeDriver safe.
ChromeDriver was started successfully.
Nov 20, 2021 12:47:21 PM org.openqa.selenium.remote.ProtocolHandshake createSession
INFO: Detected dialect: W3C
]]></system-err>
  </testcase>
  <testcase name="ChristmasGift" classname="testCases.TC5_pincode" time="22.16">
    <system-out><![CDATA[2021.11.20.12.47.45-----------
Test-Report2021.11.20.12.47.45.html
2021-11-20 12:47:49,731 INFO Test Case 5 
2021-11-20 12:47:49,731 INFO Browser has been invoked 
2021-11-20 12:48:00,517 INFO Landed on Website homepage 
2021-11-20 12:48:04,331 INFO clicked on Top 50 Category 
2021-11-20 12:48:07,043 INFO Selected the Item 
2021-11-20 12:48:07,361 INFO Entered the pincode 
2021-11-20 12:48:07,492 INFO Clicked on check 
]]></system-out>
    <system-err><![CDATA[TEST SUCCESS
Starting ChromeDriver 96.0.4664.45 (76e4c1bb2ab4671b8beba3444e61c0f17584b2fc-refs/branch-heads/4664@{#947}) on port 14140
Only local connections are allowed.
Please see https://chromedriver.chromium.org/security-considerations for suggestions on keeping ChromeDriver safe.
ChromeDriver was started successfully.
Nov 20, 2021 12:47:49 PM org.openqa.selenium.remote.ProtocolHandshake createSession
INFO: Detected dialect: W3C
]]></system-err>
  </testcase>
  <testcase name="coffee" classname="testCases.TC6_18BdayGift" time="15.719">
    <system-out><![CDATA[2021.11.20.12.48.11-----------
Test-Report2021.11.20.12.48.11.html
2021-11-20 12:48:13,439 INFO TesCase 6 
2021-11-20 12:48:13,439 INFO Browser has been invoked 
2021-11-20 12:48:22,748 INFO Landed on Website Homepage 
2021-11-20 12:48:23,321 INFO Hovered on Birthday gifts 
2021-11-20 12:48:27,450 INFO Hovered on 18th birthday gifts and clicked on it 
]]></system-out>
    <system-err><![CDATA[TEST SUCCESS
Starting ChromeDriver 96.0.4664.45 (76e4c1bb2ab4671b8beba3444e61c0f17584b2fc-refs/branch-heads/4664@{#947}) on port 38707
Only local connections are allowed.
Please see https://chromedriver.chromium.org/security-considerations for suggestions on keeping ChromeDriver safe.
ChromeDriver was started successfully.
Nov 20, 2021 12:48:13 PM org.openqa.selenium.remote.ProtocolHandshake createSession
INFO: Detected dialect: W3C
]]></system-err>
  </testcase>
  <testcase name="ChristmasGift" classname="testCases.TC7_Quantity" time="17.521">
    <system-out><![CDATA[2021.11.20.12.48.31-----------
Test-Report2021.11.20.12.48.31.html
2021-11-20 12:48:33,315 INFO TestCase 7 
2021-11-20 12:48:33,315 INFO Browser has been invoked 
2021-11-20 12:48:42,213 INFO landed on Website Homepage 
2021-11-20 12:48:44,976 INFO New Category 
2021-11-20 12:48:48,939 INFO Clicked on the item 
2021-11-20 12:48:49,198 INFO increased the quantity to 2 
]]></system-out>
    <system-err><![CDATA[TEST SUCCESS
Starting ChromeDriver 96.0.4664.45 (76e4c1bb2ab4671b8beba3444e61c0f17584b2fc-refs/branch-heads/4664@{#947}) on port 12983
Only local connections are allowed.
Please see https://chromedriver.chromium.org/security-considerations for suggestions on keeping ChromeDriver safe.
ChromeDriver was started successfully.
Nov 20, 2021 12:48:33 PM org.openqa.selenium.remote.ProtocolHandshake createSession
INFO: Detected dialect: W3C
]]></system-err>
  </testcase>
  <testcase name="AddGiftCard" classname="testCases.TC8_AddGiftCard" time="14.72">
    <system-out><![CDATA[2021.11.20.12.48.53-----------
Test-Report2021.11.20.12.48.53.html
2021-11-20 12:48:55,890 INFO Test case 8 
2021-11-20 12:48:55,891 INFO browser has been invoked 
2021-11-20 12:49:04,820 INFO landed on wesite homepage 
2021-11-20 12:49:07,659 INFO clicked on gift card 
2021-11-20 12:49:07,918 INFO selected the amount 
2021-11-20 12:49:08,092 INFO added the gift card to the cart 
]]></system-out>
    <system-err><![CDATA[TEST SUCCESS
Starting ChromeDriver 96.0.4664.45 (76e4c1bb2ab4671b8beba3444e61c0f17584b2fc-refs/branch-heads/4664@{#947}) on port 21638
Only local connections are allowed.
Please see https://chromedriver.chromium.org/security-considerations for suggestions on keeping ChromeDriver safe.
ChromeDriver was started successfully.
Nov 20, 2021 12:48:55 PM org.openqa.selenium.remote.ProtocolHandshake createSession
INFO: Detected dialect: W3C
]]></system-err>
  </testcase>
  <testcase name="TC9_wishList" classname="testCases.TC9_wishList" time="31.194">
    <system-out><![CDATA[2021.11.20.12.49.08-----------
Test-Report2021.11.20.12.49.08.html
2021-11-20 12:49:09,989 INFO test case 9 
2021-11-20 12:49:09,989 INFO Browser invoking done 
2021-11-20 12:49:20,446 INFO landed on Website Homepage 
2021-11-20 12:49:24,654 INFO landed on All of It page 
2021-11-20 12:49:38,562 INFO Selected the item 
2021-11-20 12:49:39,681 INFO added to wish list 
]]></system-out>
    <system-err><![CDATA[TEST SUCCESS
Starting ChromeDriver 96.0.4664.45 (76e4c1bb2ab4671b8beba3444e61c0f17584b2fc-refs/branch-heads/4664@{#947}) on port 7223
Only local connections are allowed.
Please see https://chromedriver.chromium.org/security-considerations for suggestions on keeping ChromeDriver safe.
ChromeDriver was started successfully.
Nov 20, 2021 12:49:09 PM org.openqa.selenium.remote.ProtocolHandshake createSession
INFO: Detected dialect: W3C
]]></system-err>
  </testcase>
  <testcase name="coffee" classname="testCases.TC10_shippingPolicy" time="23.113">
    <system-out><![CDATA[2021.11.20.12.49.44-----------
Test-Report2021.11.20.12.49.44.html
2021-11-20 12:49:47,400 INFO Test case 10 
2021-11-20 12:49:47,400 INFO browser has been invoked 
2021-11-20 12:50:03,276 INFO landed on website HomePage 
2021-11-20 12:50:07,343 INFO Clicked on the Shipping & deliver Policy link 
2021-11-20 12:50:07,577 INFO Got the heading 
2021-11-20 12:50:07,579 INFO Heading checking done 
Equal
]]></system-out>
    <system-err><![CDATA[TEST SUCCESS
Starting ChromeDriver 96.0.4664.45 (76e4c1bb2ab4671b8beba3444e61c0f17584b2fc-refs/branch-heads/4664@{#947}) on port 40795
Only local connections are allowed.
Please see https://chromedriver.chromium.org/security-considerations for suggestions on keeping ChromeDriver safe.
ChromeDriver was started successfully.
Nov 20, 2021 12:49:47 PM org.openqa.selenium.remote.ProtocolHandshake createSession
INFO: Detected dialect: W3C
]]></system-err>
  </testcase>
  <testcase name="corGifts[kavya, kavya@gmail.com, number, yes hello excuse me](1)" classname="testCases.TC11_corporateGifts" time="17.988">
    <system-out><![CDATA[0 4
2021.11.20.12.50.15-----------
Test-Report2021.11.20.12.50.15.html
2021-11-20 12:50:17,728 INFO Browser has been invoked 
2021-11-20 12:50:28,055 INFO Landed on website Homepage 
2021-11-20 12:50:32,964 INFO Clicked on Corporate Gift 
2021-11-20 12:50:33,187 INFO Entered the name 
2021-11-20 12:50:33,385 INFO Entered the Email 
2021-11-20 12:50:33,565 INFO Entered the number 
2021-11-20 12:50:33,938 INFO Entered the enquiry text 
]]></system-out>
    <system-err><![CDATA[TEST SUCCESS
Starting ChromeDriver 96.0.4664.45 (76e4c1bb2ab4671b8beba3444e61c0f17584b2fc-refs/branch-heads/4664@{#947}) on port 21452
Only local connections are allowed.
Please see https://chromedriver.chromium.org/security-considerations for suggestions on keeping ChromeDriver safe.
ChromeDriver was started successfully.
Nov 20, 2021 12:50:17 PM org.openqa.selenium.remote.ProtocolHandshake createSession
INFO: Detected dialect: W3C
]]></system-err>
  </testcase>
</testsuite>